[debug] [2020-01-18T23:59:54.760Z] ----------------------------------------------------------------------
[debug] [2020-01-18T23:59:54.763Z] Command:       C:\Program Files\nodejs\node.exe C:\Users\hp\AppData\Roaming\npm\node_modules\firebase-tools\lib\bin\firebase.js init
[debug] [2020-01-18T23:59:54.763Z] CLI Version:   7.12.1
[debug] [2020-01-18T23:59:54.763Z] Platform:      win32
[debug] [2020-01-18T23:59:54.763Z] Node Version:  v12.13.1
[debug] [2020-01-18T23:59:54.764Z] Time:          Sun Jan 19 2020 00:59:54 GMT+0100 (West Africa Standard Time)
[debug] [2020-01-18T23:59:54.765Z] ----------------------------------------------------------------------
[debug] [2020-01-18T23:59:54.765Z] 
[debug] [2020-01-18T23:59:54.773Z] > command requires scopes: ["email","openid","https://www.googleapis.com/auth/cloudplatformprojects.readonly","https://www.googleapis.com/auth/firebase","https://www.googleapis.com/auth/cloud-platform"]
[debug] [2020-01-18T23:59:54.773Z] > authorizing via signed-in user
[info] 
     ######## #### ########  ######## ########     ###     ######  ########
     ##        ##  ##     ## ##       ##     ##  ##   ##  ##       ##
     ######    ##  ########  ######   ########  #########  ######  ######
     ##        ##  ##    ##  ##       ##     ## ##     ##       ## ##
     ##       #### ##     ## ######## ########  ##     ##  ######  ########

You're about to initialize a Firebase project in this directory:

  C:\Users\hp\Desktop\react\skymail

[info] 
=== Project Setup
[info] 
[info] First, let's associate this project directory with a Firebase project.
[info] You can create multiple project aliases by running firebase use --add, 
[info] but for now we'll just set up a default project.
[info] 
[info] 
=== Database Setup
[info] 
[info] Firebase Realtime Database Rules allow you to define how your data should be
[info] structured and when your data can be read from and written to.
[info] 
[debug] [2020-01-19T00:00:37.604Z] Error: EISDIR: illegal operation on a directory, open 'C:\Users\hp\Desktop\react\skymail'
    at Object.openSync (fs.js:440:3)
    at Object.writeFileSync (fs.js:1265:35)
    at Config.writeProjectFile (C:\Users\hp\AppData\Roaming\npm\node_modules\firebase-tools\lib\config.js:179:8)
    at C:\Users\hp\AppData\Roaming\npm\node_modules\firebase-tools\lib\init\features\database.js:25:23
    at processTicksAndRejections (internal/process/task_queues.js:93:5)
[error] 
[error] Error: An unexpected error has occurred.
